# Activity Log

## Run Summary
- 2026-02-26 20:58:18 | run=20260226-205121-19705 | iter=2 | mode=build | story=US-002 | duration=201s | status=success
- 2026-02-26 20:54:55 | run=20260226-205121-19705 | iter=1 | mode=build | story=US-001 | duration=214s | status=success

## Events

[2026-02-26 20:51:21] ITERATION 1 start (mode=build story=US-001)
[2026-02-26 20:51:52] Using .agents/ralph/log-activity.sh; root helper missing
[2026-02-26 20:52:35] Implemented US-001 code changes: scripts, CI workflow, typed contract baseline, test scaffold
[2026-02-26 20:53:19] Applied lint/typecheck unblock fixes required for quality gates
[2026-02-26 20:53:48] Verification complete: lint/test/typecheck/build and dev startup smoke check
[2026-02-26 20:54:36] Updated progress log with US-001 implementation and verification details
[2026-02-26 20:54:55] ITERATION 1 end (duration=214s)
[2026-02-26 20:54:57] ITERATION 2 start (mode=build story=US-002)
[2026-02-26 20:55:15] Start US-002 iteration 2: auditing guardrails, errors, PRD, and middleware dynamic execution paths
[2026-02-26 20:56:45] US-002: removed dynamic execution from errorHandler, refactored contract caller to safe 502 responses, quarantined import-time middleware side effects, and added rpc safety tests
[2026-02-26 20:57:09] US-002 verification complete: lint, test, typecheck, build passed; server startup smoke test passed on PORT=8011 (default 8000 was in use)
[2026-02-26 20:58:03] US-002 progress entry appended to .ralph/progress.md
[2026-02-26 20:58:18] ITERATION 2 end (duration=201s)
[2026-02-26 20:58:20] ITERATION 3 start (mode=build story=US-003)
[2026-02-26 20:58:33] Start US-003 iteration 3: auditing Prisma/data-access baseline
[2026-02-26 21:02:08] US-003 major code changes: added Prisma schema, bootstrap, migration, and startup fail-fast path
[2026-02-26 21:03:49] US-003 verification complete: prisma deploy/generate, lint, test, typecheck, build, and dev/server smoke checks
[2026-02-26 21:05:18] US-003 progress entry appended to .ralph/progress.md
